[1212/010522.727:ERROR:directory_reader_win.cc(43)] FindFirstFile: The system cannot find the path specified. (0x3)
[1212/015303.613:ERROR:process_reader_win.cc(151)] SuspendThread: Access is denied. (0x5)
[1212/015303.616:ERROR:process_reader_win.cc(151)] SuspendThread: Access is denied. (0x5)
[1212/015303.616:ERROR:process_reader_win.cc(151)] SuspendThread: Access is denied. (0x5)
[1212/015303.616:ERROR:process_reader_win.cc(151)] SuspendThread: Access is denied. (0x5)
[1212/015303.616:ERROR:process_reader_win.cc(151)] SuspendThread: Access is denied. (0x5)
[1212/015303.616:ERROR:process_reader_win.cc(151)] SuspendThread: Access is denied. (0x5)
[1212/015303.616:ERROR:process_reader_win.cc(151)] SuspendThread: Access is denied. (0x5)
[1212/015303.616:ERROR:process_reader_win.cc(151)] SuspendThread: Access is denied. (0x5)
[1212/015303.616:ERROR:process_reader_win.cc(151)] SuspendThread: Access is denied. (0x5)
[1212/015303.616:ERROR:process_reader_win.cc(151)] SuspendThread: Access is denied. (0x5)
[1212/015303.616:ERROR:process_reader_win.cc(123)] NtOpenThread: {Access Denied} A process has requested access to an object, but has not been granted those access rights. (0xc0000022)
[1212/015303.617:ERROR:exception_snapshot_win.cc(99)] thread ID 16736 not found in process
[1212/015303.635:ERROR:process_reader_win.cc(151)] SuspendThread: Access is denied. (0x5)
[1212/015303.635:ERROR:process_reader_win.cc(151)] SuspendThread: Access is denied. (0x5)
[1212/015303.635:ERROR:process_reader_win.cc(151)] SuspendThread: Access is denied. (0x5)
[1212/015303.635:ERROR:process_reader_win.cc(151)] SuspendThread: Access is denied. (0x5)
[1212/015303.635:ERROR:process_reader_win.cc(151)] SuspendThread: Access is denied. (0x5)
[1212/015303.635:ERROR:process_reader_win.cc(151)] SuspendThread: Access is denied. (0x5)
[1212/015303.635:ERROR:process_reader_win.cc(123)] NtOpenThread: {Access Denied} A process has requested access to an object, but has not been granted those access rights. (0xc0000022)
[1212/015303.635:ERROR:exception_snapshot_win.cc(99)] thread ID 17428 not found in process
[1212/015818.565:ERROR:process_reader_win.cc(123)] NtOpenThread: {Access Denied} A process has requested access to an object, but has not been granted those access rights. (0xc0000022)
[1212/015818.566:ERROR:exception_snapshot_win.cc(99)] thread ID 5824 not found in process
[1212/015818.575:ERROR:process_reader_win.cc(123)] NtOpenThread: {Access Denied} A process has requested access to an object, but has not been granted those access rights. (0xc0000022)
[1212/015818.575:ERROR:exception_snapshot_win.cc(99)] thread ID 12720 not found in process
[1212/015818.584:ERROR:process_reader_win.cc(151)] SuspendThread: Access is denied. (0x5)
[1212/015818.584:ERROR:process_reader_win.cc(151)] SuspendThread: Access is denied. (0x5)
[1212/015818.584:ERROR:process_reader_win.cc(151)] SuspendThread: Access is denied. (0x5)
[1212/015818.584:ERROR:process_reader_win.cc(123)] NtOpenThread: {Access Denied} A process has requested access to an object, but has not been granted those access rights. (0xc0000022)
[1212/015818.584:ERROR:exception_snapshot_win.cc(99)] thread ID 6252 not found in process
[1212/015923.974:ERROR:process_reader_win.cc(151)] SuspendThread: Access is denied. (0x5)
[1212/015923.975:ERROR:process_reader_win.cc(123)] NtOpenThread: {Access Denied} A process has requested access to an object, but has not been granted those access rights. (0xc0000022)
[1212/015923.975:ERROR:exception_snapshot_win.cc(99)] thread ID 2828 not found in process
[1212/015923.979:ERROR:process_reader_win.cc(151)] SuspendThread: Access is denied. (0x5)
[1212/015923.979:ERROR:process_reader_win.cc(151)] SuspendThread: Access is denied. (0x5)
[1212/015923.979:ERROR:process_reader_win.cc(123)] NtOpenThread: {Access Denied} A process has requested access to an object, but has not been granted those access rights. (0xc0000022)
[1212/015923.979:ERROR:exception_snapshot_win.cc(99)] thread ID 16604 not found in process
[1212/015923.994:ERROR:process_reader_win.cc(151)] SuspendThread: Access is denied. (0x5)
[1212/015923.994:ERROR:process_reader_win.cc(151)] SuspendThread: Access is denied. (0x5)
[1212/015923.994:ERROR:process_reader_win.cc(123)] NtOpenThread: {Access Denied} A process has requested access to an object, but has not been granted those access rights. (0xc0000022)
[1212/015923.994:ERROR:exception_snapshot_win.cc(99)] thread ID 14020 not found in process
[1212/015923.999:ERROR:process_reader_win.cc(151)] SuspendThread: Access is denied. (0x5)
[1212/015923.999:ERROR:process_reader_win.cc(151)] SuspendThread: Access is denied. (0x5)
[1212/015923.999:ERROR:process_reader_win.cc(151)] SuspendThread: Access is denied. (0x5)
[1212/015923.999:ERROR:process_reader_win.cc(151)] SuspendThread: Access is denied. (0x5)
[1212/015923.999:ERROR:process_reader_win.cc(123)] NtOpenThread: {Access Denied} A process has requested access to an object, but has not been granted those access rights. (0xc0000022)
[1212/015923.999:ERROR:exception_snapshot_win.cc(99)] thread ID 11812 not found in process
[1212/015924.006:ERROR:process_reader_win.cc(151)] SuspendThread: Access is denied. (0x5)
[1212/015924.006:ERROR:process_reader_win.cc(151)] SuspendThread: Access is denied. (0x5)
[1212/015924.006:ERROR:process_reader_win.cc(123)] NtOpenThread: {Access Denied} A process has requested access to an object, but has not been granted those access rights. (0xc0000022)
[1212/015924.006:ERROR:exception_snapshot_win.cc(99)] thread ID 16112 not found in process
[1212/015924.010:ERROR:process_reader_win.cc(151)] SuspendThread: Access is denied. (0x5)
[1212/015924.010:ERROR:process_reader_win.cc(151)] SuspendThread: Access is denied. (0x5)
[1212/015924.010:ERROR:process_reader_win.cc(151)] SuspendThread: Access is denied. (0x5)
[1212/015924.010:ERROR:process_reader_win.cc(151)] SuspendThread: Access is denied. (0x5)
[1212/015924.010:ERROR:process_reader_win.cc(151)] SuspendThread: Access is denied. (0x5)
[1212/015924.010:ERROR:process_reader_win.cc(151)] SuspendThread: Access is denied. (0x5)
[1212/015924.010:ERROR:process_reader_win.cc(151)] SuspendThread: Access is denied. (0x5)
[1212/015924.010:ERROR:process_reader_win.cc(151)] SuspendThread: Access is denied. (0x5)
[1212/015924.011:ERROR:process_reader_win.cc(151)] SuspendThread: Access is denied. (0x5)
[1212/015924.011:ERROR:process_reader_win.cc(151)] SuspendThread: Access is denied. (0x5)
[1212/015924.011:ERROR:process_reader_win.cc(151)] SuspendThread: Access is denied. (0x5)
[1212/015924.011:ERROR:process_reader_win.cc(151)] SuspendThread: Access is denied. (0x5)
[1212/015924.011:ERROR:process_reader_win.cc(151)] SuspendThread: Access is denied. (0x5)
[1212/015924.011:ERROR:process_reader_win.cc(151)] SuspendThread: Access is denied. (0x5)
[1212/015924.011:ERROR:process_reader_win.cc(123)] NtOpenThread: {Access Denied} A process has requested access to an object, but has not been granted those access rights. (0xc0000022)
[1212/015924.011:ERROR:exception_snapshot_win.cc(99)] thread ID 12592 not found in process
[1212/015924.015:ERROR:process_reader_win.cc(151)] SuspendThread: Access is denied. (0x5)
[1212/015924.015:ERROR:process_reader_win.cc(151)] SuspendThread: Access is denied. (0x5)
[1212/015924.015:ERROR:process_reader_win.cc(151)] SuspendThread: Access is denied. (0x5)
[1212/015924.015:ERROR:process_reader_win.cc(151)] SuspendThread: Access is denied. (0x5)
[1212/015924.015:ERROR:process_reader_win.cc(151)] SuspendThread: Access is denied. (0x5)
[1212/015924.015:ERROR:process_reader_win.cc(151)] SuspendThread: Access is denied. (0x5)
[1212/015924.015:ERROR:process_reader_win.cc(151)] SuspendThread: Access is denied. (0x5)
[1212/015924.015:ERROR:process_reader_win.cc(151)] SuspendThread: Access is denied. (0x5)
[1212/015924.015:ERROR:process_reader_win.cc(151)] SuspendThread: Access is denied. (0x5)
[1212/015924.015:ERROR:process_reader_win.cc(151)] SuspendThread: Access is denied. (0x5)
[1212/015924.015:ERROR:process_reader_win.cc(151)] SuspendThread: Access is denied. (0x5)
[1212/015924.015:ERROR:process_reader_win.cc(151)] SuspendThread: Access is denied. (0x5)
[1212/015924.015:ERROR:process_reader_win.cc(151)] SuspendThread: Access is denied. (0x5)
[1212/015924.015:ERROR:process_reader_win.cc(151)] SuspendThread: Access is denied. (0x5)
[1212/015924.015:ERROR:process_reader_win.cc(151)] SuspendThread: Access is denied. (0x5)
[1212/015924.015:ERROR:process_reader_win.cc(151)] SuspendThread: Access is denied. (0x5)
[1212/015924.015:ERROR:process_reader_win.cc(123)] NtOpenThread: {Access Denied} A process has requested access to an object, but has not been granted those access rights. (0xc0000022)
[1212/015924.015:ERROR:exception_snapshot_win.cc(99)] thread ID 2736 not found in process
[1212/015924.027:ERROR:process_reader_win.cc(151)] SuspendThread: Access is denied. (0x5)
[1212/015924.027:ERROR:process_reader_win.cc(151)] SuspendThread: Access is denied. (0x5)
[1212/015924.027:ERROR:process_reader_win.cc(151)] SuspendThread: Access is denied. (0x5)
[1212/015924.027:ERROR:process_reader_win.cc(151)] SuspendThread: Access is denied. (0x5)
[1212/015924.027:ERROR:process_reader_win.cc(151)] SuspendThread: Access is denied. (0x5)
[1212/015924.027:ERROR:process_reader_win.cc(151)] SuspendThread: Access is denied. (0x5)
[1212/015924.027:ERROR:process_reader_win.cc(151)] SuspendThread: Access is denied. (0x5)
[1212/015924.027:ERROR:process_reader_win.cc(151)] SuspendThread: Access is denied. (0x5)
[1212/015924.027:ERROR:process_reader_win.cc(151)] SuspendThread: Access is denied. (0x5)
[1212/015924.027:ERROR:process_reader_win.cc(151)] SuspendThread: Access is denied. (0x5)
[1212/015924.027:ERROR:process_reader_win.cc(151)] SuspendThread: Access is denied. (0x5)
[1212/015924.027:ERROR:process_reader_win.cc(151)] SuspendThread: Access is denied. (0x5)
[1212/015924.027:ERROR:process_reader_win.cc(151)] SuspendThread: Access is denied. (0x5)
[1212/015924.027:ERROR:process_reader_win.cc(151)] SuspendThread: Access is denied. (0x5)
[1212/015924.027:ERROR:process_reader_win.cc(151)] SuspendThread: Access is denied. (0x5)
[1212/015924.027:ERROR:process_reader_win.cc(123)] NtOpenThread: {Access Denied} A process has requested access to an object, but has not been granted those access rights. (0xc0000022)
[1212/015924.027:ERROR:exception_snapshot_win.cc(99)] thread ID 112 not found in process
[1212/015924.029:ERROR:process_reader_win.cc(151)] SuspendThread: Access is denied. (0x5)
[1212/015924.029:ERROR:process_reader_win.cc(151)] SuspendThread: Access is denied. (0x5)
[1212/015924.029:ERROR:process_reader_win.cc(151)] SuspendThread: Access is denied. (0x5)
[1212/015924.029:ERROR:process_reader_win.cc(151)] SuspendThread: Access is denied. (0x5)
[1212/015924.029:ERROR:process_reader_win.cc(151)] SuspendThread: Access is denied. (0x5)
[1212/015924.029:ERROR:process_reader_win.cc(151)] SuspendThread: Access is denied. (0x5)
[1212/015924.029:ERROR:process_reader_win.cc(151)] SuspendThread: Access is denied. (0x5)
[1212/015924.029:ERROR:process_reader_win.cc(151)] SuspendThread: Access is denied. (0x5)
[1212/015924.029:ERROR:process_reader_win.cc(151)] SuspendThread: Access is denied. (0x5)
[1212/015924.029:ERROR:process_reader_win.cc(151)] SuspendThread: Access is denied. (0x5)
[1212/015924.029:ERROR:process_reader_win.cc(151)] SuspendThread: Access is denied. (0x5)
[1212/015924.029:ERROR:process_reader_win.cc(151)] SuspendThread: Access is denied. (0x5)
[1212/015924.029:ERROR:process_reader_win.cc(151)] SuspendThread: Access is denied. (0x5)
[1212/015924.029:ERROR:process_reader_win.cc(151)] SuspendThread: Access is denied. (0x5)
[1212/015924.029:ERROR:process_reader_win.cc(151)] SuspendThread: Access is denied. (0x5)
[1212/015924.030:ERROR:process_reader_win.cc(151)] SuspendThread: Access is denied. (0x5)
[1212/015924.030:ERROR:process_reader_win.cc(151)] SuspendThread: Access is denied. (0x5)
[1212/015924.030:ERROR:process_reader_win.cc(151)] SuspendThread: Access is denied. (0x5)
[1212/015924.030:ERROR:process_reader_win.cc(151)] SuspendThread: Access is denied. (0x5)
[1212/015924.030:ERROR:process_reader_win.cc(151)] SuspendThread: Access is denied. (0x5)
[1212/015924.030:ERROR:process_reader_win.cc(151)] SuspendThread: Access is denied. (0x5)
[1212/015924.030:ERROR:process_reader_win.cc(123)] NtOpenThread: {Access Denied} A process has requested access to an object, but has not been granted those access rights. (0xc0000022)
[1212/015924.030:ERROR:process_reader_win.cc(151)] SuspendThread: Access is denied. (0x5)
[1212/015924.030:ERROR:process_reader_win.cc(151)] SuspendThread: Access is denied. (0x5)
[1212/015924.030:ERROR:process_reader_win.cc(151)] SuspendThread: Access is denied. (0x5)
[1212/015924.030:ERROR:process_reader_win.cc(151)] SuspendThread: Access is denied. (0x5)
[1212/015924.030:ERROR:exception_snapshot_win.cc(99)] thread ID 6240 not found in process
[1212/015924.030:ERROR:process_reader_win.cc(151)] SuspendThread: Access is denied. (0x5)
[1212/015924.030:ERROR:process_reader_win.cc(151)] SuspendThread: Access is denied. (0x5)
[1212/015924.030:ERROR:process_reader_win.cc(151)] SuspendThread: Access is denied. (0x5)
[1212/015924.030:ERROR:process_reader_win.cc(151)] SuspendThread: Access is denied. (0x5)
[1212/015924.030:ERROR:process_reader_win.cc(151)] SuspendThread: Access is denied. (0x5)
[1212/015924.030:ERROR:process_reader_win.cc(151)] SuspendThread: Access is denied. (0x5)
[1212/015924.030:ERROR:process_reader_win.cc(151)] SuspendThread: Access is denied. (0x5)
[1212/015924.030:ERROR:process_reader_win.cc(123)] NtOpenThread: {Access Denied} A process has requested access to an object, but has not been granted those access rights. (0xc0000022)
[1212/015924.030:ERROR:exception_snapshot_win.cc(99)] thread ID 7244 not found in process
[1212/015924.047:ERROR:process_reader_win.cc(151)] SuspendThread: Access is denied. (0x5)
[1212/015924.047:ERROR:process_reader_win.cc(151)] SuspendThread: Access is denied. (0x5)
[1212/015924.047:ERROR:process_reader_win.cc(151)] SuspendThread: Access is denied. (0x5)
[1212/015924.047:ERROR:process_reader_win.cc(151)] SuspendThread: Access is denied. (0x5)
[1212/015924.047:ERROR:process_reader_win.cc(151)] SuspendThread: Access is denied. (0x5)
[1212/015924.047:ERROR:process_reader_win.cc(151)] SuspendThread: Access is denied. (0x5)
[1212/015924.047:ERROR:process_reader_win.cc(151)] SuspendThread: Access is denied. (0x5)
[1212/015924.047:ERROR:process_reader_win.cc(151)] SuspendThread: Access is denied. (0x5)
[1212/015924.047:ERROR:process_reader_win.cc(151)] SuspendThread: Access is denied. (0x5)
[1212/015924.047:ERROR:process_reader_win.cc(151)] SuspendThread: Access is denied. (0x5)
[1212/015924.047:ERROR:process_reader_win.cc(151)] SuspendThread: Access is denied. (0x5)
[1212/015924.047:ERROR:process_reader_win.cc(151)] SuspendThread: Access is denied. (0x5)
[1212/015924.047:ERROR:process_reader_win.cc(151)] SuspendThread: Access is denied. (0x5)
[1212/015924.047:ERROR:process_reader_win.cc(151)] SuspendThread: Access is denied. (0x5)
[1212/015924.047:ERROR:process_reader_win.cc(151)] SuspendThread: Access is denied. (0x5)
[1212/015924.047:ERROR:process_reader_win.cc(151)] SuspendThread: Access is denied. (0x5)
[1212/015924.047:ERROR:process_reader_win.cc(151)] SuspendThread: Access is denied. (0x5)
[1212/015924.047:ERROR:process_reader_win.cc(151)] SuspendThread: Access is denied. (0x5)
[1212/015924.047:ERROR:process_reader_win.cc(123)] NtOpenThread: {Access Denied} A process has requested access to an object, but has not been granted those access rights. (0xc0000022)
[1212/015924.047:ERROR:exception_snapshot_win.cc(99)] thread ID 11444 not found in process
[1212/021824.187:ERROR:process_reader_win.cc(151)] SuspendThread: Access is denied. (0x5)
[1212/021824.187:ERROR:process_reader_win.cc(151)] SuspendThread: Access is denied. (0x5)
[1212/021824.187:ERROR:process_reader_win.cc(123)] NtOpenThread: {Access Denied} A process has requested access to an object, but has not been granted those access rights. (0xc0000022)
[1212/021824.187:ERROR:exception_snapshot_win.cc(99)] thread ID 16552 not found in process
[1212/021824.198:ERROR:process_reader_win.cc(151)] SuspendThread: Access is denied. (0x5)
[1212/021824.198:ERROR:process_reader_win.cc(151)] SuspendThread: Access is denied. (0x5)
[1212/021824.198:ERROR:process_reader_win.cc(123)] NtOpenThread: {Access Denied} A process has requested access to an object, but has not been granted those access rights. (0xc0000022)
[1212/021824.198:ERROR:exception_snapshot_win.cc(99)] thread ID 18404 not found in process
[1212/021824.198:ERROR:process_reader_win.cc(151)] SuspendThread: Access is denied. (0x5)
[1212/021824.198:ERROR:process_reader_win.cc(151)] SuspendThread: Access is denied. (0x5)
[1212/021824.198:ERROR:process_reader_win.cc(123)] NtOpenThread: {Access Denied} A process has requested access to an object, but has not been granted those access rights. (0xc0000022)
[1212/021824.198:ERROR:exception_snapshot_win.cc(99)] thread ID 18312 not found in process
[1212/021824.205:ERROR:process_reader_win.cc(151)] SuspendThread: Access is denied. (0x5)
[1212/021824.205:ERROR:process_reader_win.cc(151)] SuspendThread: Access is denied. (0x5)
[1212/021824.205:ERROR:process_reader_win.cc(151)] SuspendThread: Access is denied. (0x5)
[1212/021824.205:ERROR:process_reader_win.cc(151)] SuspendThread: Access is denied. (0x5)
[1212/021824.205:ERROR:process_reader_win.cc(151)] SuspendThread: Access is denied. (0x5)
[1212/021824.205:ERROR:process_reader_win.cc(123)] NtOpenThread: {Access Denied} A process has requested access to an object, but has not been granted those access rights. (0xc0000022)
[1212/021824.205:ERROR:exception_snapshot_win.cc(99)] thread ID 17696 not found in process
[1212/021824.266:ERROR:process_reader_win.cc(151)] SuspendThread: Access is denied. (0x5)
[1212/021824.267:ERROR:process_reader_win.cc(151)] SuspendThread: Access is denied. (0x5)
[1212/021824.267:ERROR:process_reader_win.cc(151)] SuspendThread: Access is denied. (0x5)
[1212/021824.267:ERROR:process_reader_win.cc(151)] SuspendThread: Access is denied. (0x5)
[1212/021824.267:ERROR:process_reader_win.cc(151)] SuspendThread: Access is denied. (0x5)
[1212/021824.267:ERROR:process_reader_win.cc(151)] SuspendThread: Access is denied. (0x5)
[1212/021824.267:ERROR:process_reader_win.cc(151)] SuspendThread: Access is denied. (0x5)
[1212/021824.267:ERROR:process_reader_win.cc(151)] SuspendThread: Access is denied. (0x5)
[1212/021824.267:ERROR:process_reader_win.cc(151)] SuspendThread: Access is denied. (0x5)
[1212/021824.267:ERROR:process_reader_win.cc(151)] SuspendThread: Access is denied. (0x5)
[1212/021824.267:ERROR:process_reader_win.cc(151)] SuspendThread: Access is denied. (0x5)
[1212/021824.267:ERROR:process_reader_win.cc(151)] SuspendThread: Access is denied. (0x5)
[1212/021824.267:ERROR:process_reader_win.cc(151)] SuspendThread: Access is denied. (0x5)
[1212/021824.267:ERROR:process_reader_win.cc(123)] NtOpenThread: {Access Denied} A process has requested access to an object, but has not been granted those access rights. (0xc0000022)
[1212/021824.267:ERROR:exception_snapshot_win.cc(99)] thread ID 4964 not found in process
[1212/021824.279:ERROR:process_reader_win.cc(151)] SuspendThread: Access is denied. (0x5)
[1212/021824.279:ERROR:process_reader_win.cc(151)] SuspendThread: Access is denied. (0x5)
[1212/021824.279:ERROR:process_reader_win.cc(151)] SuspendThread: Access is denied. (0x5)
[1212/021824.279:ERROR:process_reader_win.cc(151)] SuspendThread: Access is denied. (0x5)
[1212/021824.279:ERROR:process_reader_win.cc(151)] SuspendThread: Access is denied. (0x5)
[1212/021824.279:ERROR:process_reader_win.cc(151)] SuspendThread: Access is denied. (0x5)
[1212/021824.279:ERROR:process_reader_win.cc(151)] SuspendThread: Access is denied. (0x5)
[1212/021824.279:ERROR:process_reader_win.cc(151)] SuspendThread: Access is denied. (0x5)
[1212/021824.279:ERROR:process_reader_win.cc(151)] SuspendThread: Access is denied. (0x5)
[1212/021824.279:ERROR:process_reader_win.cc(151)] SuspendThread: Access is denied. (0x5)
[1212/021824.279:ERROR:process_reader_win.cc(151)] SuspendThread: Access is denied. (0x5)
[1212/021824.279:ERROR:process_reader_win.cc(123)] NtOpenThread: {Access Denied} A process has requested access to an object, but has not been granted those access rights. (0xc0000022)
[1212/021824.279:ERROR:exception_snapshot_win.cc(99)] thread ID 11444 not found in process
[1212/021824.279:ERROR:process_reader_win.cc(151)] SuspendThread: Access is denied. (0x5)
[1212/021824.280:ERROR:process_reader_win.cc(151)] SuspendThread: Access is denied. (0x5)
[1212/021824.280:ERROR:process_reader_win.cc(151)] SuspendThread: Access is denied. (0x5)
[1212/021824.280:ERROR:process_reader_win.cc(151)] SuspendThread: Access is denied. (0x5)
[1212/021824.280:ERROR:process_reader_win.cc(151)] SuspendThread: Access is denied. (0x5)
[1212/021824.280:ERROR:process_reader_win.cc(151)] SuspendThread: Access is denied. (0x5)
[1212/021824.280:ERROR:process_reader_win.cc(151)] SuspendThread: Access is denied. (0x5)
[1212/021824.280:ERROR:process_reader_win.cc(151)] SuspendThread: Access is denied. (0x5)
[1212/021824.280:ERROR:process_reader_win.cc(151)] SuspendThread: Access is denied. (0x5)
[1212/021824.280:ERROR:process_reader_win.cc(151)] SuspendThread: Access is denied. (0x5)
[1212/021824.280:ERROR:process_reader_win.cc(151)] SuspendThread: Access is denied. (0x5)
[1212/021824.280:ERROR:process_reader_win.cc(151)] SuspendThread: Access is denied. (0x5)
[1212/021824.280:ERROR:process_reader_win.cc(123)] NtOpenThread: {Access Denied} A process has requested access to an object, but has not been granted those access rights. (0xc0000022)
[1212/021824.280:ERROR:exception_snapshot_win.cc(99)] thread ID 6328 not found in process
[1212/021824.282:ERROR:process_reader_win.cc(151)] SuspendThread: Access is denied. (0x5)
[1212/021824.282:ERROR:process_reader_win.cc(151)] SuspendThread: Access is denied. (0x5)
[1212/021824.282:ERROR:process_reader_win.cc(151)] SuspendThread: Access is denied. (0x5)
[1212/021824.282:ERROR:process_reader_win.cc(151)] SuspendThread: Access is denied. (0x5)
[1212/021824.282:ERROR:process_reader_win.cc(151)] SuspendThread: Access is denied. (0x5)
[1212/021824.282:ERROR:process_reader_win.cc(151)] SuspendThread: Access is denied. (0x5)
[1212/021824.282:ERROR:process_reader_win.cc(151)] SuspendThread: Access is denied. (0x5)
[1212/021824.282:ERROR:process_reader_win.cc(151)] SuspendThread: Access is denied. (0x5)
[1212/021824.282:ERROR:process_reader_win.cc(151)] SuspendThread: Access is denied. (0x5)
[1212/021824.282:ERROR:process_reader_win.cc(151)] SuspendThread: Access is denied. (0x5)
[1212/021824.282:ERROR:process_reader_win.cc(151)] SuspendThread: Access is denied. (0x5)
[1212/021824.282:ERROR:process_reader_win.cc(123)] NtOpenThread: {Access Denied} A process has requested access to an object, but has not been granted those access rights. (0xc0000022)
[1212/021824.282:ERROR:exception_snapshot_win.cc(99)] thread ID 12552 not found in process
[1212/021824.282:ERROR:process_reader_win.cc(151)] SuspendThread: Access is denied. (0x5)
[1212/021824.282:ERROR:process_reader_win.cc(151)] SuspendThread: Access is denied. (0x5)
[1212/021824.282:ERROR:process_reader_win.cc(151)] SuspendThread: Access is denied. (0x5)
[1212/021824.282:ERROR:process_reader_win.cc(151)] SuspendThread: Access is denied. (0x5)
[1212/021824.282:ERROR:process_reader_win.cc(151)] SuspendThread: Access is denied. (0x5)
[1212/021824.282:ERROR:process_reader_win.cc(151)] SuspendThread: Access is denied. (0x5)
[1212/021824.282:ERROR:process_reader_win.cc(151)] SuspendThread: Access is denied. (0x5)
[1212/021824.282:ERROR:process_reader_win.cc(151)] SuspendThread: Access is denied. (0x5)
[1212/021824.282:ERROR:process_reader_win.cc(151)] SuspendThread: Access is denied. (0x5)
[1212/021824.282:ERROR:process_reader_win.cc(151)] SuspendThread: Access is denied. (0x5)
[1212/021824.282:ERROR:process_reader_win.cc(151)] SuspendThread: Access is denied. (0x5)
[1212/021824.282:ERROR:process_reader_win.cc(151)] SuspendThread: Access is denied. (0x5)
[1212/021824.282:ERROR:process_reader_win.cc(123)] NtOpenThread: {Access Denied} A process has requested access to an object, but has not been granted those access rights. (0xc0000022)
[1212/021824.282:ERROR:exception_snapshot_win.cc(99)] thread ID 6448 not found in process
[1212/100327.318:ERROR:directory_reader_win.cc(43)] FindFirstFile: The system cannot find the path specified. (0x3)
[1212/104351.464:ERROR:process_reader_win.cc(151)] SuspendThread: Access is denied. (0x5)
[1212/104351.464:ERROR:process_reader_win.cc(151)] SuspendThread: Access is denied. (0x5)
[1212/104351.465:ERROR:process_reader_win.cc(151)] SuspendThread: Access is denied. (0x5)
[1212/104351.465:ERROR:process_reader_win.cc(151)] SuspendThread: Access is denied. (0x5)
[1212/104351.465:ERROR:process_reader_win.cc(151)] SuspendThread: Access is denied. (0x5)
[1212/104351.465:ERROR:process_reader_win.cc(151)] SuspendThread: Access is denied. (0x5)
[1212/104351.465:ERROR:process_reader_win.cc(151)] SuspendThread: Access is denied. (0x5)
[1212/104351.465:ERROR:process_reader_win.cc(123)] NtOpenThread: {Access Denied} A process has requested access to an object, but has not been granted those access rights. (0xc0000022)
[1212/104351.465:ERROR:process_reader_win.cc(123)] NtOpenThread: {Access Denied} A process has requested access to an object, but has not been granted those access rights. (0xc0000022)
[1212/104351.465:ERROR:exception_snapshot_win.cc(99)] thread ID 13324 not found in process
[1212/104351.465:ERROR:exception_snapshot_win.cc(99)] thread ID 17164 not found in process
[1212/104351.470:ERROR:process_reader_win.cc(151)] SuspendThread: Access is denied. (0x5)
[1212/104351.470:ERROR:process_reader_win.cc(151)] SuspendThread: Access is denied. (0x5)
[1212/104351.470:ERROR:process_reader_win.cc(123)] NtOpenThread: {Access Denied} A process has requested access to an object, but has not been granted those access rights. (0xc0000022)
[1212/104351.470:ERROR:exception_snapshot_win.cc(99)] thread ID 18316 not found in process
[1212/104351.475:ERROR:process_reader_win.cc(151)] SuspendThread: Access is denied. (0x5)
[1212/104351.475:ERROR:process_reader_win.cc(151)] SuspendThread: Access is denied. (0x5)
[1212/104351.475:ERROR:process_reader_win.cc(151)] SuspendThread: Access is denied. (0x5)
[1212/104351.475:ERROR:process_reader_win.cc(151)] SuspendThread: Access is denied. (0x5)
[1212/104351.475:ERROR:process_reader_win.cc(151)] SuspendThread: Access is denied. (0x5)
[1212/104351.475:ERROR:process_reader_win.cc(151)] SuspendThread: Access is denied. (0x5)
[1212/104351.475:ERROR:process_reader_win.cc(151)] SuspendThread: Access is denied. (0x5)
[1212/104351.475:ERROR:process_reader_win.cc(151)] SuspendThread: Access is denied. (0x5)
[1212/104351.475:ERROR:process_reader_win.cc(151)] SuspendThread: Access is denied. (0x5)
[1212/104351.475:ERROR:process_reader_win.cc(151)] SuspendThread: Access is denied. (0x5)
[1212/104351.475:ERROR:process_reader_win.cc(151)] SuspendThread: Access is denied. (0x5)
[1212/104351.475:ERROR:process_reader_win.cc(151)] SuspendThread: Access is denied. (0x5)
[1212/104351.475:ERROR:process_reader_win.cc(151)] SuspendThread: Access is denied. (0x5)
[1212/104351.475:ERROR:process_reader_win.cc(123)] NtOpenThread: {Access Denied} A process has requested access to an object, but has not been granted those access rights. (0xc0000022)
[1212/104351.475:ERROR:exception_snapshot_win.cc(99)] thread ID 8988 not found in process
[1212/104351.477:ERROR:process_reader_win.cc(151)] SuspendThread: Access is denied. (0x5)
[1212/104351.477:ERROR:process_reader_win.cc(151)] SuspendThread: Access is denied. (0x5)
[1212/104351.477:ERROR:process_reader_win.cc(151)] SuspendThread: Access is denied. (0x5)
[1212/104351.477:ERROR:process_reader_win.cc(151)] SuspendThread: Access is denied. (0x5)
[1212/104351.477:ERROR:process_reader_win.cc(123)] NtOpenThread: {Access Denied} A process has requested access to an object, but has not been granted those access rights. (0xc0000022)
[1212/104351.477:ERROR:process_reader_win.cc(151)] SuspendThread: Access is denied. (0x5)
[1212/104351.477:ERROR:process_reader_win.cc(151)] SuspendThread: Access is denied. (0x5)
[1212/104351.477:ERROR:process_reader_win.cc(151)] SuspendThread: Access is denied. (0x5)
[1212/104351.477:ERROR:exception_snapshot_win.cc(99)] thread ID 4620 not found in process
[1212/104351.477:ERROR:process_reader_win.cc(151)] SuspendThread: Access is denied. (0x5)
[1212/104351.477:ERROR:process_reader_win.cc(151)] SuspendThread: Access is denied. (0x5)
[1212/104351.477:ERROR:process_reader_win.cc(151)] SuspendThread: Access is denied. (0x5)
[1212/104351.477:ERROR:process_reader_win.cc(151)] SuspendThread: Access is denied. (0x5)
[1212/104351.477:ERROR:process_reader_win.cc(151)] SuspendThread: Access is denied. (0x5)
[1212/104351.477:ERROR:process_reader_win.cc(151)] SuspendThread: Access is denied. (0x5)
[1212/104351.477:ERROR:process_reader_win.cc(151)] SuspendThread: Access is denied. (0x5)
[1212/104351.477:ERROR:process_reader_win.cc(151)] SuspendThread: Access is denied. (0x5)
[1212/104351.477:ERROR:process_reader_win.cc(123)] NtOpenThread: {Access Denied} A process has requested access to an object, but has not been granted those access rights. (0xc0000022)
[1212/104351.477:ERROR:exception_snapshot_win.cc(99)] thread ID 17212 not found in process
[1212/104351.483:ERROR:process_reader_win.cc(151)] SuspendThread: Access is denied. (0x5)
[1212/104351.483:ERROR:process_reader_win.cc(151)] SuspendThread: Access is denied. (0x5)
[1212/104351.483:ERROR:process_reader_win.cc(151)] SuspendThread: Access is denied. (0x5)
[1212/104351.484:ERROR:process_reader_win.cc(151)] SuspendThread: Access is denied. (0x5)
[1212/104351.484:ERROR:process_reader_win.cc(151)] SuspendThread: Access is denied. (0x5)
[1212/104351.484:ERROR:process_reader_win.cc(151)] SuspendThread: Access is denied. (0x5)
[1212/104351.484:ERROR:process_reader_win.cc(151)] SuspendThread: Access is denied. (0x5)
[1212/104351.484:ERROR:process_reader_win.cc(151)] SuspendThread: Access is denied. (0x5)
[1212/104351.484:ERROR:process_reader_win.cc(151)] SuspendThread: Access is denied. (0x5)
[1212/104351.484:ERROR:process_reader_win.cc(151)] SuspendThread: Access is denied. (0x5)
[1212/104351.484:ERROR:process_reader_win.cc(151)] SuspendThread: Access is denied. (0x5)
[1212/104351.484:ERROR:process_reader_win.cc(151)] SuspendThread: Access is denied. (0x5)
[1212/104351.484:ERROR:process_reader_win.cc(151)] SuspendThread: Access is denied. (0x5)
[1212/104351.484:ERROR:process_reader_win.cc(151)] SuspendThread: Access is denied. (0x5)
[1212/104351.484:ERROR:process_reader_win.cc(151)] SuspendThread: Access is denied. (0x5)
[1212/104351.484:ERROR:process_reader_win.cc(123)] NtOpenThread: {Access Denied} A process has requested access to an object, but has not been granted those access rights. (0xc0000022)
[1212/104351.484:ERROR:exception_snapshot_win.cc(99)] thread ID 14832 not found in process
[1212/104351.489:ERROR:process_reader_win.cc(151)] SuspendThread: Access is denied. (0x5)
[1212/104351.489:ERROR:process_reader_win.cc(151)] SuspendThread: Access is denied. (0x5)
[1212/104351.489:ERROR:process_reader_win.cc(151)] SuspendThread: Access is denied. (0x5)
[1212/104351.489:ERROR:process_reader_win.cc(151)] SuspendThread: Access is denied. (0x5)
[1212/104351.489:ERROR:process_reader_win.cc(151)] SuspendThread: Access is denied. (0x5)
[1212/104351.489:ERROR:process_reader_win.cc(151)] SuspendThread: Access is denied. (0x5)
[1212/104351.489:ERROR:process_reader_win.cc(151)] SuspendThread: Access is denied. (0x5)
[1212/104351.489:ERROR:process_reader_win.cc(151)] SuspendThread: Access is denied. (0x5)
[1212/104351.489:ERROR:process_reader_win.cc(151)] SuspendThread: Access is denied. (0x5)
[1212/104351.489:ERROR:process_reader_win.cc(151)] SuspendThread: Access is denied. (0x5)
[1212/104351.489:ERROR:process_reader_win.cc(151)] SuspendThread: Access is denied. (0x5)
[1212/104351.489:ERROR:process_reader_win.cc(151)] SuspendThread: Access is denied. (0x5)
[1212/104351.489:ERROR:process_reader_win.cc(151)] SuspendThread: Access is denied. (0x5)
[1212/104351.489:ERROR:process_reader_win.cc(151)] SuspendThread: Access is denied. (0x5)
[1212/104351.489:ERROR:process_reader_win.cc(151)] SuspendThread: Access is denied. (0x5)
[1212/104351.489:ERROR:process_reader_win.cc(123)] NtOpenThread: {Access Denied} A process has requested access to an object, but has not been granted those access rights. (0xc0000022)
[1212/104351.489:ERROR:exception_snapshot_win.cc(99)] thread ID 17724 not found in process
[1212/104351.490:ERROR:process_reader_win.cc(151)] SuspendThread: Access is denied. (0x5)
[1212/104351.490:ERROR:process_reader_win.cc(151)] SuspendThread: Access is denied. (0x5)
[1212/104351.490:ERROR:process_reader_win.cc(151)] SuspendThread: Access is denied. (0x5)
[1212/104351.490:ERROR:process_reader_win.cc(151)] SuspendThread: Access is denied. (0x5)
[1212/104351.490:ERROR:process_reader_win.cc(151)] SuspendThread: Access is denied. (0x5)
[1212/104351.490:ERROR:process_reader_win.cc(151)] SuspendThread: Access is denied. (0x5)
[1212/104351.490:ERROR:process_reader_win.cc(151)] SuspendThread: Access is denied. (0x5)
[1212/104351.490:ERROR:process_reader_win.cc(151)] SuspendThread: Access is denied. (0x5)
[1212/104351.490:ERROR:process_reader_win.cc(151)] SuspendThread: Access is denied. (0x5)
[1212/104351.490:ERROR:process_reader_win.cc(151)] SuspendThread: Access is denied. (0x5)
[1212/104351.490:ERROR:process_reader_win.cc(151)] SuspendThread: Access is denied. (0x5)
[1212/104351.490:ERROR:process_reader_win.cc(151)] SuspendThread: Access is denied. (0x5)
[1212/104351.490:ERROR:process_reader_win.cc(151)] SuspendThread: Access is denied. (0x5)
[1212/104351.490:ERROR:process_reader_win.cc(123)] NtOpenThread: {Access Denied} A process has requested access to an object, but has not been granted those access rights. (0xc0000022)
[1212/104351.490:ERROR:exception_snapshot_win.cc(99)] thread ID 16560 not found in process
[1212/104738.335:ERROR:process_reader_win.cc(151)] SuspendThread: Access is denied. (0x5)
[1212/104738.336:ERROR:process_reader_win.cc(151)] SuspendThread: Access is denied. (0x5)
[1212/104738.336:ERROR:process_reader_win.cc(123)] NtOpenThread: {Access Denied} A process has requested access to an object, but has not been granted those access rights. (0xc0000022)
[1212/104738.336:ERROR:exception_snapshot_win.cc(99)] thread ID 9392 not found in process
[1212/104738.339:ERROR:process_reader_win.cc(151)] SuspendThread: Access is denied. (0x5)
[1212/104738.339:ERROR:process_reader_win.cc(123)] NtOpenThread: {Access Denied} A process has requested access to an object, but has not been granted those access rights. (0xc0000022)
[1212/104738.340:ERROR:exception_snapshot_win.cc(99)] thread ID 12636 not found in process
[1212/104738.345:ERROR:process_reader_win.cc(151)] SuspendThread: Access is denied. (0x5)
[1212/104738.345:ERROR:process_reader_win.cc(151)] SuspendThread: Access is denied. (0x5)
[1212/104738.345:ERROR:process_reader_win.cc(151)] SuspendThread: Access is denied. (0x5)
[1212/104738.345:ERROR:process_reader_win.cc(151)] SuspendThread: Access is denied. (0x5)
[1212/104738.345:ERROR:process_reader_win.cc(151)] SuspendThread: Access is denied. (0x5)
[1212/104738.345:ERROR:process_reader_win.cc(151)] SuspendThread: Access is denied. (0x5)
[1212/104738.345:ERROR:process_reader_win.cc(123)] NtOpenThread: {Access Denied} A process has requested access to an object, but has not been granted those access rights. (0xc0000022)
[1212/104738.345:ERROR:exception_snapshot_win.cc(99)] thread ID 12848 not found in process
[1212/104738.348:ERROR:process_reader_win.cc(151)] SuspendThread: Access is denied. (0x5)
[1212/104738.348:ERROR:process_reader_win.cc(123)] NtOpenThread: {Access Denied} A process has requested access to an object, but has not been granted those access rights. (0xc0000022)
[1212/104738.348:ERROR:exception_snapshot_win.cc(99)] thread ID 16944 not found in process
[1212/104738.358:ERROR:process_reader_win.cc(151)] SuspendThread: Access is denied. (0x5)
[1212/104738.358:ERROR:process_reader_win.cc(151)] SuspendThread: Access is denied. (0x5)
[1212/104738.358:ERROR:process_reader_win.cc(151)] SuspendThread: Access is denied. (0x5)
[1212/104738.358:ERROR:process_reader_win.cc(151)] SuspendThread: Access is denied. (0x5)
[1212/104738.358:ERROR:process_reader_win.cc(151)] SuspendThread: Access is denied. (0x5)
[1212/104738.358:ERROR:process_reader_win.cc(151)] SuspendThread: Access is denied. (0x5)
[1212/104738.358:ERROR:process_reader_win.cc(151)] SuspendThread: Access is denied. (0x5)
[1212/104738.358:ERROR:process_reader_win.cc(151)] SuspendThread: Access is denied. (0x5)
[1212/104738.358:ERROR:process_reader_win.cc(151)] SuspendThread: Access is denied. (0x5)
[1212/104738.358:ERROR:process_reader_win.cc(151)] SuspendThread: Access is denied. (0x5)
[1212/104738.358:ERROR:process_reader_win.cc(151)] SuspendThread: Access is denied. (0x5)
[1212/104738.358:ERROR:process_reader_win.cc(151)] SuspendThread: Access is denied. (0x5)
[1212/104738.358:ERROR:process_reader_win.cc(123)] NtOpenThread: {Access Denied} A process has requested access to an object, but has not been granted those access rights. (0xc0000022)
[1212/104738.358:ERROR:exception_snapshot_win.cc(99)] thread ID 9856 not found in process
[1212/104738.359:ERROR:process_reader_win.cc(151)] SuspendThread: Access is denied. (0x5)
[1212/104738.359:ERROR:process_reader_win.cc(151)] SuspendThread: Access is denied. (0x5)
[1212/104738.359:ERROR:process_reader_win.cc(151)] SuspendThread: Access is denied. (0x5)
[1212/104738.359:ERROR:process_reader_win.cc(151)] SuspendThread: Access is denied. (0x5)
[1212/104738.359:ERROR:process_reader_win.cc(151)] SuspendThread: Access is denied. (0x5)
[1212/104738.359:ERROR:process_reader_win.cc(151)] SuspendThread: Access is denied. (0x5)
[1212/104738.359:ERROR:process_reader_win.cc(151)] SuspendThread: Access is denied. (0x5)
[1212/104738.359:ERROR:process_reader_win.cc(151)] SuspendThread: Access is denied. (0x5)
[1212/104738.359:ERROR:process_reader_win.cc(151)] SuspendThread: Access is denied. (0x5)
[1212/104738.359:ERROR:process_reader_win.cc(151)] SuspendThread: Access is denied. (0x5)
[1212/104738.359:ERROR:process_reader_win.cc(151)] SuspendThread: Access is denied. (0x5)
[1212/104738.359:ERROR:process_reader_win.cc(151)] SuspendThread: Access is denied. (0x5)
[1212/104738.359:ERROR:process_reader_win.cc(123)] NtOpenThread: {Access Denied} A process has requested access to an object, but has not been granted those access rights. (0xc0000022)
[1212/104738.360:ERROR:exception_snapshot_win.cc(99)] thread ID 16192 not found in process
[1212/104738.361:ERROR:process_reader_win.cc(151)] SuspendThread: Access is denied. (0x5)
[1212/104738.361:ERROR:process_reader_win.cc(151)] SuspendThread: Access is denied. (0x5)
[1212/104738.361:ERROR:process_reader_win.cc(151)] SuspendThread: Access is denied. (0x5)
[1212/104738.361:ERROR:process_reader_win.cc(151)] SuspendThread: Access is denied. (0x5)
[1212/104738.361:ERROR:process_reader_win.cc(151)] SuspendThread: Access is denied. (0x5)
[1212/104738.361:ERROR:process_reader_win.cc(151)] SuspendThread: Access is denied. (0x5)
[1212/104738.361:ERROR:process_reader_win.cc(151)] SuspendThread: Access is denied. (0x5)
[1212/104738.361:ERROR:process_reader_win.cc(151)] SuspendThread: Access is denied. (0x5)
[1212/104738.361:ERROR:process_reader_win.cc(151)] SuspendThread: Access is denied. (0x5)
[1212/104738.361:ERROR:process_reader_win.cc(151)] SuspendThread: Access is denied. (0x5)
[1212/104738.361:ERROR:process_reader_win.cc(151)] SuspendThread: Access is denied. (0x5)
[1212/104738.361:ERROR:process_reader_win.cc(151)] SuspendThread: Access is denied. (0x5)
[1212/104738.361:ERROR:process_reader_win.cc(123)] NtOpenThread: {Access Denied} A process has requested access to an object, but has not been granted those access rights. (0xc0000022)
[1212/104738.361:ERROR:exception_snapshot_win.cc(99)] thread ID 1980 not found in process
[1212/104738.366:ERROR:process_reader_win.cc(151)] SuspendThread: Access is denied. (0x5)
[1212/104738.366:ERROR:process_reader_win.cc(151)] SuspendThread: Access is denied. (0x5)
[1212/104738.366:ERROR:process_reader_win.cc(151)] SuspendThread: Access is denied. (0x5)
[1212/104738.366:ERROR:process_reader_win.cc(151)] SuspendThread: Access is denied. (0x5)
[1212/104738.366:ERROR:process_reader_win.cc(151)] SuspendThread: Access is denied. (0x5)
[1212/104738.366:ERROR:process_reader_win.cc(151)] SuspendThread: Access is denied. (0x5)
[1212/104738.366:ERROR:process_reader_win.cc(151)] SuspendThread: Access is denied. (0x5)
[1212/104738.367:ERROR:process_reader_win.cc(151)] SuspendThread: Access is denied. (0x5)
[1212/104738.367:ERROR:process_reader_win.cc(151)] SuspendThread: Access is denied. (0x5)
[1212/104738.367:ERROR:process_reader_win.cc(151)] SuspendThread: Access is denied. (0x5)
[1212/104738.367:ERROR:process_reader_win.cc(123)] NtOpenThread: {Access Denied} A process has requested access to an object, but has not been granted those access rights. (0xc0000022)
[1212/104738.367:ERROR:exception_snapshot_win.cc(99)] thread ID 9120 not found in process
[1212/104738.373:ERROR:process_reader_win.cc(151)] SuspendThread: Access is denied. (0x5)
[1212/104738.374:ERROR:process_reader_win.cc(151)] SuspendThread: Access is denied. (0x5)
[1212/104738.374:ERROR:process_reader_win.cc(151)] SuspendThread: Access is denied. (0x5)
[1212/104738.374:ERROR:process_reader_win.cc(151)] SuspendThread: Access is denied. (0x5)
[1212/104738.374:ERROR:process_reader_win.cc(151)] SuspendThread: Access is denied. (0x5)
[1212/104738.374:ERROR:process_reader_win.cc(151)] SuspendThread: Access is denied. (0x5)
[1212/104738.374:ERROR:process_reader_win.cc(151)] SuspendThread: Access is denied. (0x5)
[1212/104738.374:ERROR:process_reader_win.cc(151)] SuspendThread: Access is denied. (0x5)
[1212/104738.374:ERROR:process_reader_win.cc(151)] SuspendThread: Access is denied. (0x5)
[1212/104738.374:ERROR:process_reader_win.cc(151)] SuspendThread: Access is denied. (0x5)
[1212/104738.374:ERROR:process_reader_win.cc(151)] SuspendThread: Access is denied. (0x5)
[1212/104738.374:ERROR:process_reader_win.cc(151)] SuspendThread: Access is denied. (0x5)
[1212/104738.374:ERROR:process_reader_win.cc(123)] NtOpenThread: {Access Denied} A process has requested access to an object, but has not been granted those access rights. (0xc0000022)
[1212/104738.374:ERROR:exception_snapshot_win.cc(99)] thread ID 2712 not found in process
[1212/105622.945:ERROR:process_reader_win.cc(151)] SuspendThread: Access is denied. (0x5)
[1212/105622.945:ERROR:process_reader_win.cc(151)] SuspendThread: Access is denied. (0x5)
[1212/105622.945:ERROR:process_reader_win.cc(123)] NtOpenThread: {Access Denied} A process has requested access to an object, but has not been granted those access rights. (0xc0000022)
[1212/105622.946:ERROR:exception_snapshot_win.cc(99)] thread ID 14652 not found in process
[1212/105622.951:ERROR:process_reader_win.cc(151)] SuspendThread: Access is denied. (0x5)
[1212/105622.951:ERROR:process_reader_win.cc(151)] SuspendThread: Access is denied. (0x5)
[1212/105622.951:ERROR:process_reader_win.cc(123)] NtOpenThread: {Access Denied} A process has requested access to an object, but has not been granted those access rights. (0xc0000022)
[1212/105622.951:ERROR:exception_snapshot_win.cc(99)] thread ID 1964 not found in process
[1212/105622.954:ERROR:process_reader_win.cc(151)] SuspendThread: Access is denied. (0x5)
[1212/105622.954:ERROR:process_reader_win.cc(151)] SuspendThread: Access is denied. (0x5)
[1212/105622.954:ERROR:process_reader_win.cc(123)] NtOpenThread: {Access Denied} A process has requested access to an object, but has not been granted those access rights. (0xc0000022)
[1212/105622.955:ERROR:exception_snapshot_win.cc(99)] thread ID 16148 not found in process
[1212/105622.954:ERROR:process_reader_win.cc(151)] SuspendThread: Access is denied. (0x5)
[1212/105622.955:ERROR:process_reader_win.cc(151)] SuspendThread: Access is denied. (0x5)
[1212/105622.955:ERROR:process_reader_win.cc(151)] SuspendThread: Access is denied. (0x5)
[1212/105622.955:ERROR:process_reader_win.cc(151)] SuspendThread: Access is denied. (0x5)
[1212/105622.955:ERROR:process_reader_win.cc(151)] SuspendThread: Access is denied. (0x5)
[1212/105622.955:ERROR:process_reader_win.cc(151)] SuspendThread: Access is denied. (0x5)
[1212/105622.955:ERROR:process_reader_win.cc(123)] NtOpenThread: {Access Denied} A process has requested access to an object, but has not been granted those access rights. (0xc0000022)
[1212/105622.955:ERROR:exception_snapshot_win.cc(99)] thread ID 15332 not found in process
[1212/105622.968:ERROR:process_reader_win.cc(151)] SuspendThread: Access is denied. (0x5)
[1212/105622.968:ERROR:process_reader_win.cc(151)] SuspendThread: Access is denied. (0x5)
[1212/105622.968:ERROR:process_reader_win.cc(151)] SuspendThread: Access is denied. (0x5)
[1212/105622.968:ERROR:process_reader_win.cc(151)] SuspendThread: Access is denied. (0x5)
[1212/105622.968:ERROR:process_reader_win.cc(151)] SuspendThread: Access is denied. (0x5)
[1212/105622.968:ERROR:process_reader_win.cc(151)] SuspendThread: Access is denied. (0x5)
[1212/105622.968:ERROR:process_reader_win.cc(151)] SuspendThread: Access is denied. (0x5)
[1212/105622.968:ERROR:process_reader_win.cc(151)] SuspendThread: Access is denied. (0x5)
[1212/105622.968:ERROR:process_reader_win.cc(151)] SuspendThread: Access is denied. (0x5)
[1212/105622.968:ERROR:process_reader_win.cc(151)] SuspendThread: Access is denied. (0x5)
[1212/105622.968:ERROR:process_reader_win.cc(151)] SuspendThread: Access is denied. (0x5)
[1212/105622.968:ERROR:process_reader_win.cc(151)] SuspendThread: Access is denied. (0x5)
[1212/105622.968:ERROR:process_reader_win.cc(123)] NtOpenThread: {Access Denied} A process has requested access to an object, but has not been granted those access rights. (0xc0000022)
[1212/105622.968:ERROR:exception_snapshot_win.cc(99)] thread ID 11204 not found in process
[1212/105622.985:ERROR:process_reader_win.cc(151)] SuspendThread: Access is denied. (0x5)
[1212/105622.985:ERROR:process_reader_win.cc(151)] SuspendThread: Access is denied. (0x5)
[1212/105622.985:ERROR:process_reader_win.cc(151)] SuspendThread: Access is denied. (0x5)
[1212/105622.985:ERROR:process_reader_win.cc(151)] SuspendThread: Access is denied. (0x5)
[1212/105622.985:ERROR:process_reader_win.cc(151)] SuspendThread: Access is denied. (0x5)
[1212/105622.985:ERROR:process_reader_win.cc(151)] SuspendThread: Access is denied. (0x5)
[1212/105622.985:ERROR:process_reader_win.cc(151)] SuspendThread: Access is denied. (0x5)
[1212/105622.985:ERROR:process_reader_win.cc(151)] SuspendThread: Access is denied. (0x5)
[1212/105622.985:ERROR:process_reader_win.cc(151)] SuspendThread: Access is denied. (0x5)
[1212/105622.985:ERROR:process_reader_win.cc(151)] SuspendThread: Access is denied. (0x5)
[1212/105622.985:ERROR:process_reader_win.cc(151)] SuspendThread: Access is denied. (0x5)
[1212/105622.985:ERROR:process_reader_win.cc(151)] SuspendThread: Access is denied. (0x5)
[1212/105622.985:ERROR:process_reader_win.cc(151)] SuspendThread: Access is denied. (0x5)
[1212/105622.985:ERROR:process_reader_win.cc(151)] SuspendThread: Access is denied. (0x5)
[1212/105622.985:ERROR:process_reader_win.cc(151)] SuspendThread: Access is denied. (0x5)
[1212/105622.985:ERROR:process_reader_win.cc(151)] SuspendThread: Access is denied. (0x5)
[1212/105622.985:ERROR:process_reader_win.cc(151)] SuspendThread: Access is denied. (0x5)
[1212/105622.985:ERROR:process_reader_win.cc(123)] NtOpenThread: {Access Denied} A process has requested access to an object, but has not been granted those access rights. (0xc0000022)
[1212/105622.985:ERROR:exception_snapshot_win.cc(99)] thread ID 3012 not found in process
[1212/105622.985:ERROR:process_reader_win.cc(151)] SuspendThread: Access is denied. (0x5)
[1212/105622.985:ERROR:process_reader_win.cc(151)] SuspendThread: Access is denied. (0x5)
[1212/105622.985:ERROR:process_reader_win.cc(151)] SuspendThread: Access is denied. (0x5)
[1212/105622.985:ERROR:process_reader_win.cc(151)] SuspendThread: Access is denied. (0x5)
[1212/105622.985:ERROR:process_reader_win.cc(151)] SuspendThread: Access is denied. (0x5)
[1212/105622.985:ERROR:process_reader_win.cc(151)] SuspendThread: Access is denied. (0x5)
[1212/105622.985:ERROR:process_reader_win.cc(151)] SuspendThread: Access is denied. (0x5)
[1212/105622.985:ERROR:process_reader_win.cc(123)] NtOpenThread: {Access Denied} A process has requested access to an object, but has not been granted those access rights. (0xc0000022)
[1212/105622.985:ERROR:exception_snapshot_win.cc(99)] thread ID 17224 not found in process
[1212/105623.000:ERROR:process_reader_win.cc(151)] SuspendThread: Access is denied. (0x5)
[1212/105623.000:ERROR:process_reader_win.cc(151)] SuspendThread: Access is denied. (0x5)
[1212/105623.000:ERROR:process_reader_win.cc(151)] SuspendThread: Access is denied. (0x5)
[1212/105623.000:ERROR:process_reader_win.cc(151)] SuspendThread: Access is denied. (0x5)
[1212/105623.000:ERROR:process_reader_win.cc(151)] SuspendThread: Access is denied. (0x5)
[1212/105623.000:ERROR:process_reader_win.cc(151)] SuspendThread: Access is denied. (0x5)
[1212/105623.000:ERROR:process_reader_win.cc(151)] SuspendThread: Access is denied. (0x5)
[1212/105623.000:ERROR:process_reader_win.cc(151)] SuspendThread: Access is denied. (0x5)
[1212/105623.000:ERROR:process_reader_win.cc(151)] SuspendThread: Access is denied. (0x5)
[1212/105623.000:ERROR:process_reader_win.cc(151)] SuspendThread: Access is denied. (0x5)
[1212/105623.000:ERROR:process_reader_win.cc(151)] SuspendThread: Access is denied. (0x5)
[1212/105623.000:ERROR:process_reader_win.cc(151)] SuspendThread: Access is denied. (0x5)
[1212/105623.000:ERROR:process_reader_win.cc(151)] SuspendThread: Access is denied. (0x5)
[1212/105623.000:ERROR:process_reader_win.cc(151)] SuspendThread: Access is denied. (0x5)
[1212/105623.000:ERROR:process_reader_win.cc(123)] NtOpenThread: {Access Denied} A process has requested access to an object, but has not been granted those access rights. (0xc0000022)
[1212/105623.000:ERROR:exception_snapshot_win.cc(99)] thread ID 9504 not found in process
[1212/105623.001:ERROR:process_reader_win.cc(151)] SuspendThread: Access is denied. (0x5)
[1212/105623.001:ERROR:process_reader_win.cc(151)] SuspendThread: Access is denied. (0x5)
[1212/105623.001:ERROR:process_reader_win.cc(151)] SuspendThread: Access is denied. (0x5)
[1212/105623.001:ERROR:process_reader_win.cc(151)] SuspendThread: Access is denied. (0x5)
[1212/105623.001:ERROR:process_reader_win.cc(151)] SuspendThread: Access is denied. (0x5)
[1212/105623.001:ERROR:process_reader_win.cc(151)] SuspendThread: Access is denied. (0x5)
[1212/105623.001:ERROR:process_reader_win.cc(151)] SuspendThread: Access is denied. (0x5)
[1212/105623.001:ERROR:process_reader_win.cc(151)] SuspendThread: Access is denied. (0x5)
[1212/105623.001:ERROR:process_reader_win.cc(151)] SuspendThread: Access is denied. (0x5)
[1212/105623.001:ERROR:process_reader_win.cc(151)] SuspendThread: Access is denied. (0x5)
[1212/105623.001:ERROR:process_reader_win.cc(151)] SuspendThread: Access is denied. (0x5)
[1212/105623.001:ERROR:process_reader_win.cc(151)] SuspendThread: Access is denied. (0x5)
[1212/105623.001:ERROR:process_reader_win.cc(123)] NtOpenThread: {Access Denied} A process has requested access to an object, but has not been granted those access rights. (0xc0000022)
[1212/105623.001:ERROR:exception_snapshot_win.cc(99)] thread ID 5104 not found in process
